# JRE version: OpenJDK Runtime Environment Temurin-11.0.14.1+1 (11.0.14.1+1) (build 11.0.14.1+1)
# Java VM: OpenJDK 64-Bit Server VM Temurin-11.0.14.1+1 (11.0.14.1+1, mixed mode, tiered, compressed oops, g1 gc, windows-amd64)
Heap:
 garbage-first heap   total 116736K, used 30760K [0x00000000c2800000, 0x0000000100000000)
  region size 1024K, 2 young (2048K), 1 survivors (1024K)
 Metaspace       used 19317K, capacity 20074K, committed 21248K, reserved 1069056K
  class space    used 1766K, capacity 1907K, committed 2304K, reserved 1048576K
GC Heap History (20 events):
Event: 1201.516 GC heap before
{Heap before GC invocations=592 (full 34):
 garbage-first heap   total 116736K, used 57719K [0x00000000c2800000, 0x0000000100000000)
  region size 1024K, 10 young (10240K), 5 survivors (5120K)
 Metaspace       used 19287K, capacity 20061K, committed 21248K, reserved 1069056K
  class space    used 1766K, capacity 1907K, committed 2304K, reserved 1048576K
}
Event: 1201.537 GC heap after
{Heap after GC invocations=593 (full 34):
 garbage-first heap   total 116736K, used 24364K [0x00000000c2800000, 0x0000000100000000)
  region size 1024K, 1 young (1024K), 1 survivors (1024K)
 Metaspace       used 19287K, capacity 20061K, committed 21248K, reserved 1069056K
  class space    used 1766K, capacity 1907K, committed 2304K, reserved 1048576K
}
Event: 1201.965 GC heap before
{Heap before GC invocations=594 (full 34):
 garbage-first heap   total 116736K, used 53036K [0x00000000c2800000, 0x0000000100000000)
  region size 1024K, 4 young (4096K), 1 survivors (1024K)
 Metaspace       used 19287K, capacity 20062K, committed 21248K, reserved 1069056K
  class space    used 1766K, capacity 1907K, committed 2304K, reserved 1048576K
}
Event: 1201.967 GC heap after
{Heap after GC invocations=595 (full 34):
 garbage-first heap   total 116736K, used 24364K [0x00000000c2800000, 0x0000000100000000)
  region size 1024K, 1 young (1024K), 1 survivors (1024K)
 Metaspace       used 19287K, capacity 20062K, committed 21248K, reserved 1069056K
  class space    used 1766K, capacity 1907K, committed 2304K, reserved 1048576K
}
Event: 1202.397 GC heap before
{Heap before GC invocations=596 (full 34):
 garbage-first heap   total 116736K, used 52012K [0x00000000c2800000, 0x0000000100000000)
  region size 1024K, 3 young (3072K), 1 survivors (1024K)
 Metaspace       used 19291K, capacity 20070K, committed 21248K, reserved 1069056K
  class space    used 1766K, capacity 1907K, committed 2304K, reserved 1048576K
}
Event: 1202.398 GC heap after
{Heap after GC invocations=597 (full 34):
 garbage-first heap   total 116736K, used 24360K [0x00000000c2800000, 0x0000000100000000)
  region size 1024K, 1 young (1024K), 1 survivors (1024K)
 Metaspace       used 19291K, capacity 20070K, committed 21248K, reserved 1069056K
  class space    used 1766K, capacity 1907K, committed 2304K, reserved 1048576K
}
Event: 1202.850 GC heap before
{Heap before GC invocations=598 (full 34):
 garbage-first heap   total 116736K, used 52008K [0x00000000c2800000, 0x0000000100000000)
  region size 1024K, 3 young (3072K), 1 survivors (1024K)
 Metaspace       used 19291K, capacity 20070K, committed 21248K, reserved 1069056K
  class space    used 1766K, capacity 1907K, committed 2304K, reserved 1048576K
}
Event: 1202.853 GC heap after
{Heap after GC invocations=599 (full 34):
 garbage-first heap   total 116736K, used 24362K [0x00000000c2800000, 0x0000000100000000)
  region size 1024K, 1 young (1024K), 1 survivors (1024K)
 Metaspace       used 19291K, capacity 20070K, committed 21248K, reserved 1069056K
  class space    used 1766K, capacity 1907K, committed 2304K, reserved 1048576K
}
Event: 1203.309 GC heap before
{Heap before GC invocations=600 (full 34):
 garbage-first heap   total 116736K, used 53034K [0x00000000c2800000, 0x0000000100000000)
  region size 1024K, 5 young (5120K), 1 survivors (1024K)
 Metaspace       used 19313K, capacity 20074K, committed 21248K, reserved 1069056K
  class space    used 1766K, capacity 1907K, committed 2304K, reserved 1048576K
}
Event: 1203.312 GC heap after
{Heap after GC invocations=601 (full 34):
 garbage-first heap   total 116736K, used 26156K [0x00000000c2800000, 0x0000000100000000)
  region size 1024K, 3 young (3072K), 3 survivors (3072K)
 Metaspace       used 19313K, capacity 20074K, committed 21248K, reserved 1069056K
  class space    used 1766K, capacity 1907K, committed 2304K, reserved 1048576K
}
Event: 1203.838 GC heap before
{Heap before GC invocations=602 (full 34):
 garbage-first heap   total 116736K, used 56876K [0x00000000c2800000, 0x0000000100000000)
  region size 1024K, 9 young (9216K), 3 survivors (3072K)
 Metaspace       used 19317K, capacity 20074K, committed 21248K, reserved 1069056K
  class space    used 1766K, capacity 1907K, committed 2304K, reserved 1048576K
}
Event: 1203.840 GC heap after
{Heap after GC invocations=603 (full 34):
 garbage-first heap   total 116736K, used 26097K [0x00000000c2800000, 0x0000000100000000)
  region size 1024K, 3 young (3072K), 3 survivors (3072K)
 Metaspace       used 19317K, capacity 20074K, committed 21248K, reserved 1069056K
  class space    used 1766K, capacity 1907K, committed 2304K, reserved 1048576K
}
Event: 1204.319 GC heap before
{Heap before GC invocations=604 (full 34):
 garbage-first heap   total 116736K, used 52721K [0x00000000c2800000, 0x0000000100000000)
  region size 1024K, 4 young (4096K), 3 survivors (3072K)
 Metaspace       used 19317K, capacity 20074K, committed 21248K, reserved 1069056K
  class space    used 1766K, capacity 1907K, committed 2304K, reserved 1048576K
}
Event: 1204.328 GC heap after
{Heap after GC invocations=605 (full 34):
 garbage-first heap   total 116736K, used 24926K [0x00000000c2800000, 0x0000000100000000)
  region size 1024K, 1 young (1024K), 1 survivors (1024K)
 Metaspace       used 19317K, capacity 20074K, committed 21248K, reserved 1069056K
  class space    used 1766K, capacity 1907K, committed 2304K, reserved 1048576K
}
Event: 1204.756 GC heap before
{Heap before GC invocations=606 (full 34):
 garbage-first heap   total 116736K, used 51550K [0x00000000c2800000, 0x0000000100000000)
  region size 1024K, 2 young (2048K), 1 survivors (1024K)
 Metaspace       used 19317K, capacity 20074K, committed 21248K, reserved 1069056K
  class space    used 1766K, capacity 1907K, committed 2304K, reserved 1048576K
}
Event: 1204.761 GC heap after
{Heap after GC invocations=607 (full 34):
 garbage-first heap   total 116736K, used 24927K [0x00000000c2800000, 0x0000000100000000)
  region size 1024K, 1 young (1024K), 1 survivors (1024K)
 Metaspace       used 19317K, capacity 20074K, committed 21248K, reserved 1069056K
  class space    used 1766K, capacity 1907K, committed 2304K, reserved 1048576K
}
Event: 1205.182 GC heap before
{Heap before GC invocations=608 (full 34):
 garbage-first heap   total 116736K, used 51551K [0x00000000c2800000, 0x0000000100000000)
  region size 1024K, 2 young (2048K), 1 survivors (1024K)
 Metaspace       used 19317K, capacity 20074K, committed 21248K, reserved 1069056K
  class space    used 1766K, capacity 1907K, committed 2304K, reserved 1048576K
}
Event: 1205.183 GC heap after
{Heap after GC invocations=609 (full 34):
 garbage-first heap   total 116736K, used 24926K [0x00000000c2800000, 0x0000000100000000)
  region size 1024K, 1 young (1024K), 1 survivors (1024K)
 Metaspace       used 19317K, capacity 20074K, committed 21248K, reserved 1069056K
  class space    used 1766K, capacity 1907K, committed 2304K, reserved 1048576K
}
Event: 1205.615 GC heap before
{Heap before GC invocations=610 (full 34):
 garbage-first heap   total 116736K, used 52574K [0x00000000c2800000, 0x0000000100000000)
  region size 1024K, 3 young (3072K), 1 survivors (1024K)
 Metaspace       used 19317K, capacity 20074K, committed 21248K, reserved 1069056K
  class space    used 1766K, capacity 1907K, committed 2304K, reserved 1048576K
}
Event: 1205.617 GC heap after
{Heap after GC invocations=611 (full 34):
 garbage-first heap   total 116736K, used 24616K [0x00000000c2800000, 0x0000000100000000)
  region size 1024K, 1 young (1024K), 1 survivors (1024K)
 Metaspace       used 19317K, capacity 20074K, committed 21248K, reserved 1069056K
  class space    used 1766K, capacity 1907K, committed 2304K, reserved 1048576K
}

